
Source      : C:\eNurseCP2008\eNurseCP2008\CCCBusinessLayer\Databases\CCC Framework.sdf
Destination : C:\eNurseCP2008\eNurseCP2008\CCCBusinessLayer\Databases\CCC Framework.sdf.23A16BC.tmp
Repairing - verMajor: 3, verMinor: 5, verBuild: 5626, verPoint: 0
Time - 2008-20-04 01:01:15.921





Source      : C:\eNurseCP2008\eNurseCP2008\CCCBusinessLayer\Databases\CCC Framework.sdf
Destination : n/a
Verifying - verMajor: 3, verMinor: 5, verBuild: 5626, verPoint: 0
Time - 2008-20-04 01:07:35.046

Source      : C:\eNurseCP2008\eNurseCP2008\CCCBusinessLayer\Databases\CCC Framework.sdf
Destination : n/a
Verifying - verMajor: 3, verMinor: 5, verBuild: 5626, verPoint: 0
Time - 2008-20-04 01:12:29.078

Source      : C:\eNurseCP2008\eNurseCP2008\CCCBusinessLayer\Databases\CCC Framework.sdf
Destination : n/a
Verifying - verMajor: 3, verMinor: 5, verBuild: 5626, verPoint: 0
Time - 2008-20-04 01:15:13.171

Source      : C:\eNurseCP2008\eNurseCP2008\CCCBusinessLayer\Databases\CCC Framework.sdf
Destination : n/a
Verifying - verMajor: 3, verMinor: 5, verBuild: 5626, verPoint: 0
Time - 2008-20-04 01:23:15.500

Source      : C:\eNurseCP2008\eNurseCP2008\CCCBusinessLayer\Databases\CCC Framework.sdf
Destination : n/a
Verifying - verMajor: 3, verMinor: 5, verBuild: 5626, verPoint: 0
Time - 2008-20-04 01:29:39.546

Source      : C:\eNurseCP2008\eNurseCP2008\CCCBusinessLayer\Databases\CCC Framework.sdf
Destination : n/a
Verifying - verMajor: 3, verMinor: 5, verBuild: 5626, verPoint: 0
Time - 2008-20-04 01:31:25.375

Source      : C:\eNurseCP2008\eNurseCP2008\CCCBusinessLayer\Databases\CCC Framework.sdf
Destination : n/a
Verifying - verMajor: 3, verMinor: 5, verBuild: 5626, verPoint: 0
Time - 2008-20-04 01:32:06.218

Source      : C:\eNurseCP2008\eNurseCP2008\CCCBusinessLayer\Databases\CCC Framework.sdf
Destination : n/a
Verifying - verMajor: 3, verMinor: 5, verBuild: 5626, verPoint: 0
Time - 2008-20-04 01:33:07.828

Source      : C:\eNurseCP2008\eNurseCP2008\CCCBusinessLayer\Databases\CCC Framework.sdf
Destination : n/a
Verifying - verMajor: 3, verMinor: 5, verBuild: 5626, verPoint: 0
Time - 2008-20-04 01:37:29.984

Source      : C:\eNurseCP2008\eNurseCP2008\CCCBusinessLayer\Databases\CCC Framework.sdf
Destination : n/a
Verifying - verMajor: 3, verMinor: 5, verBuild: 5626, verPoint: 0
Time - 2008-20-04 11:05:18.671

Source      : C:\eNurseCP2008\eNurseCP2008\CCCBusinessLayer\Databases\CCC Framework.sdf
Destination : n/a
Verifying - verMajor: 3, verMinor: 5, verBuild: 5626, verPoint: 0
Time - 2008-20-04 11:06:46.937

Source      : C:\eNurseCP2008\eNurseCP2008\CCCBusinessLayer\Databases\CCC Framework.sdf
Destination : n/a
Verifying - verMajor: 3, verMinor: 5, verBuild: 5626, verPoint: 0
Time - 2008-20-04 11:08:31.203

Source      : C:\eNurseCP2008\eNurseCP2008\CCCBusinessLayer\Databases\CCC Framework.sdf
Destination : n/a
Verifying - verMajor: 3, verMinor: 5, verBuild: 5626, verPoint: 0
Time - 2008-20-04 11:11:36.671

Source      : C:\eNurseCP2008\eNurseCP2008\CCCBusinessLayer\Databases\CCC Framework.sdf
Destination : n/a
Verifying - verMajor: 3, verMinor: 5, verBuild: 5626, verPoint: 0
Time - 2008-20-04 11:14:33.765

Source      : C:\eNurseCP2008\eNurseCP2008\CCCBusinessLayer\Databases\CCC Framework.sdf
Destination : n/a
Verifying - verMajor: 3, verMinor: 5, verBuild: 5626, verPoint: 0
Time - 2008-20-04 12:09:29.703

Source      : C:\eNurseCP2008\eNurseCP2008\CCCBusinessLayer\Databases\CCC Framework.sdf
Destination : n/a
Verifying - verMajor: 3, verMinor: 5, verBuild: 5626, verPoint: 0
Time - 2008-20-04 12:10:51.312

Source      : C:\eNurseCP2008\eNurseCP2008\CCCBusinessLayer\Databases\CCC Framework.sdf
Destination : n/a
Verifying - verMajor: 3, verMinor: 5, verBuild: 5626, verPoint: 0
Time - 2008-20-04 12:27:26.484

Source      : C:\eNurseCP2008\eNursePHR\Business Layer\Databases\CCC Framework.sdf
Destination : n/a
Verifying - verMajor: 3, verMinor: 5, verBuild: 5626, verPoint: 0
Time - 2008-20-04 12:46:02.765

Source      : C:\eNurseCP2008\eNursePHR\Business Layer\Databases\CCC Framework.sdf
Destination : n/a
Verifying - verMajor: 3, verMinor: 5, verBuild: 5626, verPoint: 0
Time - 2008-20-04 12:48:24.453

Source      : C:\eNurseCP2008\eNursePHR\Business Layer\Databases\CCC Framework.sdf
Destination : n/a
Verifying - verMajor: 3, verMinor: 5, verBuild: 5626, verPoint: 0
Time - 2008-20-04 12:49:35.781

Source      : C:\eNurseCP2008\eNursePHR\Business Layer\Databases\CCC Framework.sdf
Destination : n/a
Verifying - verMajor: 3, verMinor: 5, verBuild: 5626, verPoint: 0
Time - 2008-20-04 12:52:22.000

Source      : C:\eNurseCP2008\eNursePHR\Business Layer\Databases\CCC Framework.sdf
Destination : n/a
Verifying - verMajor: 3, verMinor: 5, verBuild: 5626, verPoint: 0
Time - 2008-20-04 12:55:16.375

Source      : C:\eNursePHR\eNursePHR\Business Layer\Databases\CCC Framework.sdf
Destination : n/a
Verifying - verMajor: 3, verMinor: 5, verBuild: 5626, verPoint: 0
Time - 2008-20-04 13:30:50.265

Source      : C:\eNursePHR\eNursePHR\Business Layer\Databases\CCC Framework.sdf
Destination : n/a
Verifying - verMajor: 3, verMinor: 5, verBuild: 5626, verPoint: 0
Time - 2008-20-04 13:36:09.140

Source      : C:\eNursePHR\eNursePHR\Business Layer\Databases\CCC Framework.sdf
Destination : n/a
Verifying - verMajor: 3, verMinor: 5, verBuild: 5626, verPoint: 0
Time - 2008-20-04 13:40:00.328

Source      : C:\eNursePHR\eNursePHR\Business Layer\Databases\CCC Framework.sdf
Destination : n/a
Verifying - verMajor: 3, verMinor: 5, verBuild: 5626, verPoint: 0
Time - 2008-20-04 13:43:04.421

Source      : C:\eNursePHR\eNursePHR\Business Layer\Databases\CCC Framework.sdf
Destination : n/a
Verifying - verMajor: 3, verMinor: 5, verBuild: 5626, verPoint: 0
Time - 2008-20-04 13:46:41.500

Source      : C:\eNursePHR\eNursePHR\Business Layer\Databases\CCC Framework.sdf
Destination : n/a
Verifying - verMajor: 3, verMinor: 5, verBuild: 5626, verPoint: 0
Time - 2008-20-04 13:49:30.000

Source      : C:\eNursePHR\eNursePHR\Business Layer\Databases\CCC Framework.sdf
Destination : n/a
Verifying - verMajor: 3, verMinor: 5, verBuild: 5626, verPoint: 0
Time - 2008-20-04 13:50:57.500

Source      : C:\eNursePHR\eNursePHR\Business Layer\Databases\CCC Framework.sdf
Destination : n/a
Verifying - verMajor: 3, verMinor: 5, verBuild: 5626, verPoint: 0
Time - 2008-20-04 13:54:25.328

Source      : C:\eNursePHR\eNursePHR\Business Layer\Databases\CCC Framework.sdf
Destination : n/a
Verifying - verMajor: 3, verMinor: 5, verBuild: 5626, verPoint: 0
Time - 2008-21-04 12:08:35.859

Source      : C:\eNursePHR\eNursePHR\Business Layer\Databases\CCC Framework.sdf
Destination : n/a
Verifying - verMajor: 3, verMinor: 5, verBuild: 5626, verPoint: 0
Time - 2008-21-04 12:13:47.875

Source      : C:\eNursePHR\eNursePHR\Business Layer\Databases\CCC Framework.sdf
Destination : n/a
Verifying - verMajor: 3, verMinor: 5, verBuild: 5626, verPoint: 0
Time - 2008-21-04 12:14:46.078

Source      : C:\eNursePHR\eNursePHR\Business Layer\Databases\CCC Framework.sdf
Destination : n/a
Verifying - verMajor: 3, verMinor: 5, verBuild: 5626, verPoint: 0
Time - 2008-21-04 12:20:08.968

Source      : C:\eNursePHR\eNursePHR\Business Layer\Databases\CCC Framework.sdf
Destination : n/a
Verifying - verMajor: 3, verMinor: 5, verBuild: 5626, verPoint: 0
Time - 2008-21-04 12:21:55.421

Source      : C:\eNursePHR\eNursePHR\Business Layer\Databases\CCC Framework.sdf
Destination : n/a
Verifying - verMajor: 3, verMinor: 5, verBuild: 5626, verPoint: 0
Time - 2008-21-04 12:22:51.875

Source      : C:\eNursePHR\eNursePHR\Business Layer\Databases\CCC Framework.sdf
Destination : n/a
Verifying - verMajor: 3, verMinor: 5, verBuild: 5626, verPoint: 0
Time - 2008-21-04 12:23:42.968

Source      : C:\eNursePHR\eNursePHR\Business Layer\Databases\CCC Framework.sdf
Destination : n/a
Verifying - verMajor: 3, verMinor: 5, verBuild: 5626, verPoint: 0
Time - 2008-21-04 12:25:41.140

Source      : C:\eNursePHR\eNursePHR\Business Layer\Databases\CCC Framework.sdf
Destination : n/a
Verifying - verMajor: 3, verMinor: 5, verBuild: 5626, verPoint: 0
Time - 2008-21-04 13:15:26.640

Source      : C:\eNursePHR\eNursePHR\Business Layer\Databases\CCC Framework.sdf
Destination : n/a
Verifying - verMajor: 3, verMinor: 5, verBuild: 5626, verPoint: 0
Time - 2008-21-04 20:44:15.765

Source      : C:\eNursePHR\eNursePHR\Business Layer\Databases\CCC Framework.sdf
Destination : n/a
Verifying - verMajor: 3, verMinor: 5, verBuild: 5626, verPoint: 0
Time - 2008-21-04 21:04:08.046

Source      : C:\eNursePHR\eNursePHR\Business Layer\Databases\CCC Framework.sdf
Destination : n/a
Verifying - verMajor: 3, verMinor: 5, verBuild: 5626, verPoint: 0
Time - 2008-21-04 21:06:14.546

Source      : C:\eNursePHR\eNursePHR\Business Layer\Databases\CCC Framework.sdf
Destination : n/a
Verifying - verMajor: 3, verMinor: 5, verBuild: 5626, verPoint: 0
Time - 2008-22-04 16:08:32.671

Source      : C:\eNursePHR\eNursePHR\Business Layer\Databases\CCC Framework.sdf
Destination : n/a
Verifying - verMajor: 3, verMinor: 5, verBuild: 5626, verPoint: 0
Time - 2008-22-04 16:13:37.562

Source      : C:\eNursePHR\eNursePHR\Business Layer\Databases\CCC Framework.sdf
Destination : n/a
Verifying - verMajor: 3, verMinor: 5, verBuild: 5626, verPoint: 0
Time - 2008-22-04 16:14:52.937

Source      : C:\eNursePHR\eNursePHR\Business Layer\Databases\CCC Framework.sdf
Destination : n/a
Verifying - verMajor: 3, verMinor: 5, verBuild: 5626, verPoint: 0
Time - 2008-22-04 16:18:09.281

Source      : C:\eNursePHR\eNursePHR\Business Layer\Databases\CCC Framework.sdf
Destination : n/a
Verifying - verMajor: 3, verMinor: 5, verBuild: 5626, verPoint: 0
Time - 2008-22-04 16:24:49.968

Source      : C:\eNursePHR\eNursePHR\Business Layer\Databases\CCC Framework.sdf
Destination : n/a
Verifying - verMajor: 3, verMinor: 5, verBuild: 5626, verPoint: 0
Time - 2008-22-04 16:28:58.218

Source      : C:\eNursePHR\eNursePHR\Business Layer\Databases\CCC Framework.sdf
Destination : n/a
Verifying - verMajor: 3, verMinor: 5, verBuild: 5626, verPoint: 0
Time - 2008-22-04 22:44:14.234

Source      : C:\eNursePHR\eNursePHR\Business Layer\Databases\CCC Framework.sdf
Destination : n/a
Verifying - verMajor: 3, verMinor: 5, verBuild: 5626, verPoint: 0
Time - 2008-23-04 16:33:03.671

