

Source      : C:\eNurseCP2008\eNurseCP2008\CCCBusinessLayer\Databases\CCC Terminology Reference.sdf
Destination : n/a
Verifying - verMajor: 3, verMinor: 5, verBuild: 5626, verPoint: 0
Time - 2008-20-04 01:12:29.140

Source      : C:\eNurseCP2008\eNurseCP2008\CCCBusinessLayer\Databases\CCC Terminology Reference.sdf
Destination : n/a
Verifying - verMajor: 3, verMinor: 5, verBuild: 5626, verPoint: 0
Time - 2008-20-04 01:15:13.218

Source      : C:\eNurseCP2008\eNurseCP2008\CCCBusinessLayer\Databases\CCC Terminology Reference.sdf
Destination : n/a
Verifying - verMajor: 3, verMinor: 5, verBuild: 5626, verPoint: 0
Time - 2008-20-04 01:23:15.531

Source      : C:\eNurseCP2008\eNurseCP2008\CCCBusinessLayer\Databases\CCC Terminology Reference.sdf
Destination : n/a
Verifying - verMajor: 3, verMinor: 5, verBuild: 5626, verPoint: 0
Time - 2008-20-04 01:29:39.593

Source      : C:\eNurseCP2008\eNurseCP2008\CCCBusinessLayer\Databases\CCC Terminology Reference.sdf
Destination : n/a
Verifying - verMajor: 3, verMinor: 5, verBuild: 5626, verPoint: 0
Time - 2008-20-04 01:31:25.421

Source      : C:\eNurseCP2008\eNurseCP2008\CCCBusinessLayer\Databases\CCC Terminology Reference.sdf
Destination : n/a
Verifying - verMajor: 3, verMinor: 5, verBuild: 5626, verPoint: 0
Time - 2008-20-04 01:32:06.265

Source      : C:\eNurseCP2008\eNurseCP2008\CCCBusinessLayer\Databases\CCC Terminology Reference.sdf
Destination : n/a
Verifying - verMajor: 3, verMinor: 5, verBuild: 5626, verPoint: 0
Time - 2008-20-04 01:33:07.875

Source      : C:\eNurseCP2008\eNurseCP2008\CCCBusinessLayer\Databases\CCC Terminology Reference.sdf
Destination : n/a
Verifying - verMajor: 3, verMinor: 5, verBuild: 5626, verPoint: 0
Time - 2008-20-04 01:37:30.031

Source      : C:\eNurseCP2008\eNurseCP2008\CCCBusinessLayer\Databases\CCC Terminology Reference.sdf
Destination : n/a
Verifying - verMajor: 3, verMinor: 5, verBuild: 5626, verPoint: 0
Time - 2008-20-04 11:05:18.828

Source      : C:\eNurseCP2008\eNurseCP2008\CCCBusinessLayer\Databases\CCC Terminology Reference.sdf
Destination : n/a
Verifying - verMajor: 3, verMinor: 5, verBuild: 5626, verPoint: 0
Time - 2008-20-04 11:06:46.984

Source      : C:\eNurseCP2008\eNurseCP2008\CCCBusinessLayer\Databases\CCC Terminology Reference.sdf
Destination : n/a
Verifying - verMajor: 3, verMinor: 5, verBuild: 5626, verPoint: 0
Time - 2008-20-04 11:08:31.250

Source      : C:\eNurseCP2008\eNurseCP2008\CCCBusinessLayer\Databases\CCC Terminology Reference.sdf
Destination : n/a
Verifying - verMajor: 3, verMinor: 5, verBuild: 5626, verPoint: 0
Time - 2008-20-04 11:11:36.734

Source      : C:\eNurseCP2008\eNurseCP2008\CCCBusinessLayer\Databases\CCC Terminology Reference.sdf
Destination : n/a
Verifying - verMajor: 3, verMinor: 5, verBuild: 5626, verPoint: 0
Time - 2008-20-04 11:14:33.812

Source      : C:\eNurseCP2008\eNurseCP2008\CCCBusinessLayer\Databases\CCC Terminology Reference.sdf
Destination : n/a
Verifying - verMajor: 3, verMinor: 5, verBuild: 5626, verPoint: 0
Time - 2008-20-04 12:09:29.750

Source      : C:\eNurseCP2008\eNurseCP2008\CCCBusinessLayer\Databases\CCC Terminology Reference.sdf
Destination : n/a
Verifying - verMajor: 3, verMinor: 5, verBuild: 5626, verPoint: 0
Time - 2008-20-04 12:10:51.359

Source      : C:\eNurseCP2008\eNurseCP2008\CCCBusinessLayer\Databases\CCC Terminology Reference.sdf
Destination : n/a
Verifying - verMajor: 3, verMinor: 5, verBuild: 5626, verPoint: 0
Time - 2008-20-04 12:27:26.531

Source      : C:\eNurseCP2008\eNursePHR\Business Layer\Databases\CCC Terminology Reference.sdf
Destination : n/a
Verifying - verMajor: 3, verMinor: 5, verBuild: 5626, verPoint: 0
Time - 2008-20-04 12:46:02.812

Source      : C:\eNurseCP2008\eNursePHR\Business Layer\Databases\CCC Terminology Reference.sdf
Destination : n/a
Verifying - verMajor: 3, verMinor: 5, verBuild: 5626, verPoint: 0
Time - 2008-20-04 12:48:24.515

Source      : C:\eNurseCP2008\eNursePHR\Business Layer\Databases\CCC Terminology Reference.sdf
Destination : n/a
Verifying - verMajor: 3, verMinor: 5, verBuild: 5626, verPoint: 0
Time - 2008-20-04 12:49:35.828

Source      : C:\eNurseCP2008\eNursePHR\Business Layer\Databases\CCC Terminology Reference.sdf
Destination : n/a
Verifying - verMajor: 3, verMinor: 5, verBuild: 5626, verPoint: 0
Time - 2008-20-04 12:52:22.046

Source      : C:\eNurseCP2008\eNursePHR\Business Layer\Databases\CCC Terminology Reference.sdf
Destination : n/a
Verifying - verMajor: 3, verMinor: 5, verBuild: 5626, verPoint: 0
Time - 2008-20-04 12:55:16.421

Source      : C:\eNursePHR\eNursePHR\Business Layer\Databases\CCC Terminology Reference.sdf
Destination : n/a
Verifying - verMajor: 3, verMinor: 5, verBuild: 5626, verPoint: 0
Time - 2008-20-04 13:30:50.312

Source      : C:\eNursePHR\eNursePHR\Business Layer\Databases\CCC Terminology Reference.sdf
Destination : n/a
Verifying - verMajor: 3, verMinor: 5, verBuild: 5626, verPoint: 0
Time - 2008-20-04 13:36:09.187

Source      : C:\eNursePHR\eNursePHR\Business Layer\Databases\CCC Terminology Reference.sdf
Destination : n/a
Verifying - verMajor: 3, verMinor: 5, verBuild: 5626, verPoint: 0
Time - 2008-20-04 13:40:00.375

Source      : C:\eNursePHR\eNursePHR\Business Layer\Databases\CCC Terminology Reference.sdf
Destination : n/a
Verifying - verMajor: 3, verMinor: 5, verBuild: 5626, verPoint: 0
Time - 2008-20-04 13:43:04.468

Source      : C:\eNursePHR\eNursePHR\Business Layer\Databases\CCC Terminology Reference.sdf
Destination : n/a
Verifying - verMajor: 3, verMinor: 5, verBuild: 5626, verPoint: 0
Time - 2008-20-04 13:46:41.546

Source      : C:\eNursePHR\eNursePHR\Business Layer\Databases\CCC Terminology Reference.sdf
Destination : n/a
Verifying - verMajor: 3, verMinor: 5, verBuild: 5626, verPoint: 0
Time - 2008-20-04 13:49:30.046

Source      : C:\eNursePHR\eNursePHR\Business Layer\Databases\CCC Terminology Reference.sdf
Destination : n/a
Verifying - verMajor: 3, verMinor: 5, verBuild: 5626, verPoint: 0
Time - 2008-20-04 13:50:57.546

Source      : C:\eNursePHR\eNursePHR\Business Layer\Databases\CCC Terminology Reference.sdf
Destination : n/a
Verifying - verMajor: 3, verMinor: 5, verBuild: 5626, verPoint: 0
Time - 2008-20-04 13:54:25.375

Source      : C:\eNursePHR\eNursePHR\Business Layer\Databases\CCC Terminology Reference.sdf
Destination : n/a
Verifying - verMajor: 3, verMinor: 5, verBuild: 5626, verPoint: 0
Time - 2008-21-04 12:08:36.062

Source      : C:\eNursePHR\eNursePHR\Business Layer\Databases\CCC Terminology Reference.sdf
Destination : n/a
Verifying - verMajor: 3, verMinor: 5, verBuild: 5626, verPoint: 0
Time - 2008-21-04 12:13:47.921

Source      : C:\eNursePHR\eNursePHR\Business Layer\Databases\CCC Terminology Reference.sdf
Destination : n/a
Verifying - verMajor: 3, verMinor: 5, verBuild: 5626, verPoint: 0
Time - 2008-21-04 12:14:46.140

Source      : C:\eNursePHR\eNursePHR\Business Layer\Databases\CCC Terminology Reference.sdf
Destination : n/a
Verifying - verMajor: 3, verMinor: 5, verBuild: 5626, verPoint: 0
Time - 2008-21-04 12:20:09.015

Source      : C:\eNursePHR\eNursePHR\Business Layer\Databases\CCC Terminology Reference.sdf
Destination : n/a
Verifying - verMajor: 3, verMinor: 5, verBuild: 5626, verPoint: 0
Time - 2008-21-04 12:21:55.453

Source      : C:\eNursePHR\eNursePHR\Business Layer\Databases\CCC Terminology Reference.sdf
Destination : n/a
Verifying - verMajor: 3, verMinor: 5, verBuild: 5626, verPoint: 0
Time - 2008-21-04 12:22:51.921

Source      : C:\eNursePHR\eNursePHR\Business Layer\Databases\CCC Terminology Reference.sdf
Destination : n/a
Verifying - verMajor: 3, verMinor: 5, verBuild: 5626, verPoint: 0
Time - 2008-21-04 12:23:43.015

Source      : C:\eNursePHR\eNursePHR\Business Layer\Databases\CCC Terminology Reference.sdf
Destination : n/a
Verifying - verMajor: 3, verMinor: 5, verBuild: 5626, verPoint: 0
Time - 2008-21-04 12:25:41.187

Source      : C:\eNursePHR\eNursePHR\Business Layer\Databases\CCC Terminology Reference.sdf
Destination : n/a
Verifying - verMajor: 3, verMinor: 5, verBuild: 5626, verPoint: 0
Time - 2008-21-04 13:15:30.453

Source      : C:\eNursePHR\eNursePHR\Business Layer\Databases\CCC Terminology Reference.sdf
Destination : n/a
Verifying - verMajor: 3, verMinor: 5, verBuild: 5626, verPoint: 0
Time - 2008-21-04 20:44:15.812

Source      : C:\eNursePHR\eNursePHR\Business Layer\Databases\CCC Terminology Reference.sdf
Destination : n/a
Verifying - verMajor: 3, verMinor: 5, verBuild: 5626, verPoint: 0
Time - 2008-21-04 21:04:08.125

Source      : C:\eNursePHR\eNursePHR\Business Layer\Databases\CCC Terminology Reference.sdf
Destination : n/a
Verifying - verMajor: 3, verMinor: 5, verBuild: 5626, verPoint: 0
Time - 2008-21-04 21:06:14.625

Source      : C:\eNursePHR\eNursePHR\Business Layer\Databases\CCC Terminology Reference.sdf
Destination : n/a
Verifying - verMajor: 3, verMinor: 5, verBuild: 5626, verPoint: 0
Time - 2008-22-04 16:08:39.656

Source      : C:\eNursePHR\eNursePHR\Business Layer\Databases\CCC Terminology Reference.sdf
Destination : n/a
Verifying - verMajor: 3, verMinor: 5, verBuild: 5626, verPoint: 0
Time - 2008-22-04 16:13:37.593

Source      : C:\eNursePHR\eNursePHR\Business Layer\Databases\CCC Terminology Reference.sdf
Destination : n/a
Verifying - verMajor: 3, verMinor: 5, verBuild: 5626, verPoint: 0
Time - 2008-22-04 16:14:52.968

Source      : C:\eNursePHR\eNursePHR\Business Layer\Databases\CCC Terminology Reference.sdf
Destination : n/a
Verifying - verMajor: 3, verMinor: 5, verBuild: 5626, verPoint: 0
Time - 2008-22-04 16:18:09.328

Source      : C:\eNursePHR\eNursePHR\Business Layer\Databases\CCC Terminology Reference.sdf
Destination : n/a
Verifying - verMajor: 3, verMinor: 5, verBuild: 5626, verPoint: 0
Time - 2008-22-04 16:24:50.000

Source      : C:\eNursePHR\eNursePHR\Business Layer\Databases\CCC Terminology Reference.sdf
Destination : n/a
Verifying - verMajor: 3, verMinor: 5, verBuild: 5626, verPoint: 0
Time - 2008-22-04 16:28:58.250

Source      : C:\eNursePHR\eNursePHR\Business Layer\Databases\CCC Terminology Reference.sdf
Destination : n/a
Verifying - verMajor: 3, verMinor: 5, verBuild: 5626, verPoint: 0
Time - 2008-22-04 22:44:14.406

Source      : C:\eNursePHR\eNursePHR\Business Layer\Databases\CCC Terminology Reference.sdf
Destination : n/a
Verifying - verMajor: 3, verMinor: 5, verBuild: 5626, verPoint: 0
Time - 2008-23-04 16:33:03.859

