Source      : C:\eNurseCP2008\eNurseCP2008\CCCBusinessLayer\Databases\CarePlan.sdf
Destination : n/a
Verifying - verMajor: 3, verMinor: 5, verBuild: 5626, verPoint: 0
Time - 2008-20-04 01:12:18.765

Source      : C:\eNurseCP2008\eNurseCP2008\CCCBusinessLayer\Databases\CarePlan.sdf
Destination : n/a
Verifying - verMajor: 3, verMinor: 5, verBuild: 5626, verPoint: 0
Time - 2008-20-04 01:15:13.093

Source      : C:\eNurseCP2008\eNurseCP2008\CCCBusinessLayer\Databases\CarePlan.sdf
Destination : n/a
Verifying - verMajor: 3, verMinor: 5, verBuild: 5626, verPoint: 0
Time - 2008-20-04 01:23:15.406

Source      : C:\eNurseCP2008\eNurseCP2008\CCCBusinessLayer\Databases\CarePlan.sdf
Destination : n/a
Verifying - verMajor: 3, verMinor: 5, verBuild: 5626, verPoint: 0
Time - 2008-20-04 01:29:39.468

Source      : C:\eNurseCP2008\eNurseCP2008\CCCBusinessLayer\Databases\CarePlan.sdf
Destination : n/a
Verifying - verMajor: 3, verMinor: 5, verBuild: 5626, verPoint: 0
Time - 2008-20-04 01:31:25.296

Source      : C:\eNurseCP2008\eNurseCP2008\CCCBusinessLayer\Databases\CarePlan.sdf
Destination : n/a
Verifying - verMajor: 3, verMinor: 5, verBuild: 5626, verPoint: 0
Time - 2008-20-04 01:32:06.140

Source      : C:\eNurseCP2008\eNurseCP2008\CCCBusinessLayer\Databases\CarePlan.sdf
Destination : n/a
Verifying - verMajor: 3, verMinor: 5, verBuild: 5626, verPoint: 0
Time - 2008-20-04 01:33:07.750

Source      : C:\eNurseCP2008\eNurseCP2008\CCCBusinessLayer\Databases\CarePlan.sdf
Destination : n/a
Verifying - verMajor: 3, verMinor: 5, verBuild: 5626, verPoint: 0
Time - 2008-20-04 01:37:29.906

Source      : C:\eNurseCP2008\eNurseCP2008\CCCBusinessLayer\Databases\CarePlan.sdf
Destination : n/a
Verifying - verMajor: 3, verMinor: 5, verBuild: 5626, verPoint: 0
Time - 2008-20-04 11:05:18.546

Source      : C:\eNurseCP2008\eNurseCP2008\CCCBusinessLayer\Databases\CarePlan.sdf
Destination : n/a
Verifying - verMajor: 3, verMinor: 5, verBuild: 5626, verPoint: 0
Time - 2008-20-04 11:06:46.843

Source      : C:\eNurseCP2008\eNurseCP2008\CCCBusinessLayer\Databases\CarePlan.sdf
Destination : n/a
Verifying - verMajor: 3, verMinor: 5, verBuild: 5626, verPoint: 0
Time - 2008-20-04 11:08:31.125

Source      : C:\eNurseCP2008\eNurseCP2008\CCCBusinessLayer\Databases\CarePlan.sdf
Destination : n/a
Verifying - verMajor: 3, verMinor: 5, verBuild: 5626, verPoint: 0
Time - 2008-20-04 11:11:36.593

Source      : C:\eNurseCP2008\eNurseCP2008\CCCBusinessLayer\Databases\CarePlan.sdf
Destination : n/a
Verifying - verMajor: 3, verMinor: 5, verBuild: 5626, verPoint: 0
Time - 2008-20-04 11:14:33.687

Source      : C:\eNurseCP2008\eNurseCP2008\CCCBusinessLayer\Databases\CarePlan.sdf
Destination : n/a
Verifying - verMajor: 3, verMinor: 5, verBuild: 5626, verPoint: 0
Time - 2008-20-04 12:09:29.625

Source      : C:\eNurseCP2008\eNurseCP2008\CCCBusinessLayer\Databases\CarePlan.sdf
Destination : n/a
Verifying - verMajor: 3, verMinor: 5, verBuild: 5626, verPoint: 0
Time - 2008-20-04 12:10:51.234

Source      : C:\eNurseCP2008\eNurseCP2008\CCCBusinessLayer\Databases\CarePlan.sdf
Destination : n/a
Verifying - verMajor: 3, verMinor: 5, verBuild: 5626, verPoint: 0
Time - 2008-20-04 12:27:26.406

Source      : C:\eNurseCP2008\eNursePHR\Business Layer\Databases\CarePlan.sdf
Destination : n/a
Verifying - verMajor: 3, verMinor: 5, verBuild: 5626, verPoint: 0
Time - 2008-20-04 12:46:02.687

Source      : C:\eNurseCP2008\eNursePHR\Business Layer\Databases\CarePlan.sdf
Destination : n/a
Verifying - verMajor: 3, verMinor: 5, verBuild: 5626, verPoint: 0
Time - 2008-20-04 12:48:24.375

Source      : C:\eNurseCP2008\eNursePHR\Business Layer\Databases\CarePlan.sdf
Destination : n/a
Verifying - verMajor: 3, verMinor: 5, verBuild: 5626, verPoint: 0
Time - 2008-20-04 12:49:35.703

Source      : C:\eNurseCP2008\eNursePHR\Business Layer\Databases\CarePlan.sdf
Destination : n/a
Verifying - verMajor: 3, verMinor: 5, verBuild: 5626, verPoint: 0
Time - 2008-20-04 12:52:21.921

Source      : C:\eNurseCP2008\eNursePHR\Business Layer\Databases\CarePlan.sdf
Destination : n/a
Verifying - verMajor: 3, verMinor: 5, verBuild: 5626, verPoint: 0
Time - 2008-20-04 12:55:16.296

Source      : C:\eNursePHR\eNursePHR\Business Layer\Databases\CarePlan.sdf
Destination : n/a
Verifying - verMajor: 3, verMinor: 5, verBuild: 5626, verPoint: 0
Time - 2008-20-04 13:30:50.187

Source      : C:\eNursePHR\eNursePHR\Business Layer\Databases\CarePlan.sdf
Destination : n/a
Verifying - verMajor: 3, verMinor: 5, verBuild: 5626, verPoint: 0
Time - 2008-20-04 13:36:09.062

Source      : C:\eNursePHR\eNursePHR\Business Layer\Databases\CarePlan.sdf
Destination : n/a
Verifying - verMajor: 3, verMinor: 5, verBuild: 5626, verPoint: 0
Time - 2008-20-04 13:40:00.234

Source      : C:\eNursePHR\eNursePHR\Business Layer\Databases\CarePlan.sdf
Destination : n/a
Verifying - verMajor: 3, verMinor: 5, verBuild: 5626, verPoint: 0
Time - 2008-20-04 13:43:04.343

Source      : C:\eNursePHR\eNursePHR\Business Layer\Databases\CarePlan.sdf
Destination : n/a
Verifying - verMajor: 3, verMinor: 5, verBuild: 5626, verPoint: 0
Time - 2008-20-04 13:46:41.406

Source      : C:\eNursePHR\eNursePHR\Business Layer\Databases\CarePlan.sdf
Destination : n/a
Verifying - verMajor: 3, verMinor: 5, verBuild: 5626, verPoint: 0
Time - 2008-20-04 13:49:29.921

Source      : C:\eNursePHR\eNursePHR\Business Layer\Databases\CarePlan.sdf
Destination : n/a
Verifying - verMajor: 3, verMinor: 5, verBuild: 5626, verPoint: 0
Time - 2008-20-04 13:50:57.421

Source      : C:\eNursePHR\eNursePHR\Business Layer\Databases\CarePlan.sdf
Destination : n/a
Verifying - verMajor: 3, verMinor: 5, verBuild: 5626, verPoint: 0
Time - 2008-20-04 13:54:25.250

Source      : C:\eNursePHR\eNursePHR\Business Layer\Databases\CarePlan.sdf
Destination : n/a
Verifying - verMajor: 3, verMinor: 5, verBuild: 5626, verPoint: 0
Time - 2008-21-04 12:08:35.593

Source      : C:\eNursePHR\eNursePHR\Business Layer\Databases\CarePlan.sdf
Destination : n/a
Verifying - verMajor: 3, verMinor: 5, verBuild: 5626, verPoint: 0
Time - 2008-21-04 12:14:46.000

Source      : C:\eNursePHR\eNursePHR\Business Layer\Databases\CarePlan.sdf
Destination : n/a
Verifying - verMajor: 3, verMinor: 5, verBuild: 5626, verPoint: 0
Time - 2008-21-04 12:20:08.890

Source      : C:\eNursePHR\eNursePHR\Business Layer\Databases\CarePlan.sdf
Destination : n/a
Verifying - verMajor: 3, verMinor: 5, verBuild: 5626, verPoint: 0
Time - 2008-21-04 12:21:55.328

Source      : C:\eNursePHR\eNursePHR\Business Layer\Databases\CarePlan.sdf
Destination : n/a
Verifying - verMajor: 3, verMinor: 5, verBuild: 5626, verPoint: 0
Time - 2008-21-04 12:22:51.781

Source      : C:\eNursePHR\eNursePHR\Business Layer\Databases\CarePlan.sdf
Destination : n/a
Verifying - verMajor: 3, verMinor: 5, verBuild: 5626, verPoint: 0
Time - 2008-21-04 12:23:42.890

Source      : C:\eNursePHR\eNursePHR\Business Layer\Databases\CarePlan.sdf
Destination : n/a
Verifying - verMajor: 3, verMinor: 5, verBuild: 5626, verPoint: 0
Time - 2008-21-04 12:25:41.062

Source      : C:\eNursePHR\eNursePHR\Business Layer\Databases\CarePlan.sdf
Destination : n/a
Verifying - verMajor: 3, verMinor: 5, verBuild: 5626, verPoint: 0
Time - 2008-21-04 13:15:26.562

Source      : C:\eNursePHR\eNursePHR\Business Layer\Databases\CarePlan.sdf
Destination : n/a
Verifying - verMajor: 3, verMinor: 5, verBuild: 5626, verPoint: 0
Time - 2008-21-04 20:44:15.671

Source      : C:\eNursePHR\eNursePHR\Business Layer\Databases\CarePlan.sdf
Destination : n/a
Verifying - verMajor: 3, verMinor: 5, verBuild: 5626, verPoint: 0
Time - 2008-21-04 21:04:07.968

Source      : C:\eNursePHR\eNursePHR\Business Layer\Databases\CarePlan.sdf
Destination : n/a
Verifying - verMajor: 3, verMinor: 5, verBuild: 5626, verPoint: 0
Time - 2008-21-04 21:06:14.468

Source      : C:\eNursePHR\eNursePHR\Business Layer\Databases\CarePlan.sdf
Destination : n/a
Verifying - verMajor: 3, verMinor: 5, verBuild: 5626, verPoint: 0
Time - 2008-22-04 16:08:32.406

Source      : C:\eNursePHR\eNursePHR\Business Layer\Databases\CarePlan.sdf
Destination : n/a
Verifying - verMajor: 3, verMinor: 5, verBuild: 5626, verPoint: 0
Time - 2008-22-04 16:13:37.468

Source      : C:\eNursePHR\eNursePHR\Business Layer\Databases\CarePlan.sdf
Destination : n/a
Verifying - verMajor: 3, verMinor: 5, verBuild: 5626, verPoint: 0
Time - 2008-22-04 16:14:52.843

Source      : C:\eNursePHR\eNursePHR\Business Layer\Databases\CarePlan.sdf
Destination : n/a
Verifying - verMajor: 3, verMinor: 5, verBuild: 5626, verPoint: 0
Time - 2008-22-04 16:18:09.203

Source      : C:\eNursePHR\eNursePHR\Business Layer\Databases\CarePlan.sdf
Destination : n/a
Verifying - verMajor: 3, verMinor: 5, verBuild: 5626, verPoint: 0
Time - 2008-22-04 16:24:49.890

Source      : C:\eNursePHR\eNursePHR\Business Layer\Databases\CarePlan.sdf
Destination : n/a
Verifying - verMajor: 3, verMinor: 5, verBuild: 5626, verPoint: 0
Time - 2008-22-04 16:28:58.140

Source      : C:\eNursePHR\eNursePHR\Business Layer\Databases\CarePlan.sdf
Destination : n/a
Verifying - verMajor: 3, verMinor: 5, verBuild: 5626, verPoint: 0
Time - 2008-22-04 22:44:13.937

Source      : C:\eNursePHR\eNursePHR\Business Layer\Databases\CarePlan.sdf
Destination : n/a
Verifying - verMajor: 3, verMinor: 5, verBuild: 5626, verPoint: 0
Time - 2008-23-04 16:33:03.468

